Command line:
   kernel_tb_isim_beh.exe
     -simmode  gui
     -simrunnum  0
     -socket  39475

Thu Dec  3 16:02:43 2015


 Elaboration Time: 0.04 sec

 Current Memory Usage: 198.177 Meg

 Total Signals          : 170
 Total Nets             : 982
 Total Signal Drivers   : 76
 Total Blocks           : 16
 Total Primitive Blocks : 14
 Total Processes        : 40
 Total Traceable Variables  : 26
 Total Scalar Nets and Variables : 1478

** Failure:NONE. End of your simulation.
User(VHDL) Code Called Simulation Stop
In process kernel_tb.vhd:stim_proc 
 


 Total Simulation Time: 0.11 sec

 Current Memory Usage: 273.678 Meg

Thu Dec  3 19:38:26 2015

