Command line:
   kernel_tb_isim_beh.exe
     -simmode  gui
     -simrunnum  0
     -socket  53383

Tue Dec 15 14:33:37 2015


 Elaboration Time: 0.03 sec

 Current Memory Usage: 197.906 Meg

 Total Signals          : 94
 Total Nets             : 486
 Total Signal Drivers   : 54
 Total Blocks           : 7
 Total Primitive Blocks : 5
 Total Processes        : 14
 Total Traceable Variables  : 17
 Total Scalar Nets and Variables : 973

** Failure:NONE. End of your simulation.
User(VHDL) Code Called Simulation Stop
In process kernel_tb.vhd:stim_proc 
 


 Total Simulation Time: 0.1 sec

 Current Memory Usage: 273.408 Meg

Wed Dec 16 04:02:23 2015

